{
  "RSpec": {
    "coverage": {
      "/Users/stone4fimere/blog_forum/app/helpers/application_helper.rb": {
        "lines": [
          1,
          null
        ]
      },
      "/Users/stone4fimere/blog_forum/app/helpers/categories_helper.rb": {
        "lines": [
          1,
          null
        ]
      },
      "/Users/stone4fimere/blog_forum/app/helpers/comments_helper.rb": {
        "lines": [
          1,
          null
        ]
      },
      "/Users/stone4fimere/blog_forum/app/helpers/likes_helper.rb": {
        "lines": [
          1,
          null
        ]
      },
      "/Users/stone4fimere/blog_forum/app/helpers/posts_helper.rb": {
        "lines": [
          1,
          null
        ]
      },
      "/Users/stone4fimere/blog_forum/app/helpers/tinymce_assets_helper.rb": {
        "lines": [
          1,
          null
        ]
      },
      "/Users/stone4fimere/blog_forum/app/helpers/users_helper.rb": {
        "lines": [
          1,
          null
        ]
      },
      "/Users/stone4fimere/blog_forum/app/controllers/bookmarks_controller.rb": {
        "lines": [
          1,
          1,
          1,
          null,
          1,
          2,
          null,
          null,
          1,
          3,
          3,
          null,
          3,
          3,
          6,
          null,
          null,
          0,
          0,
          null,
          null,
          null,
          null,
          1,
          3,
          3,
          null,
          3,
          6,
          null,
          null,
          null,
          1,
          null,
          1,
          3,
          null,
          null
        ]
      },
      "/Users/stone4fimere/blog_forum/app/controllers/application_controller.rb": {
        "lines": [
          1,
          null,
          1,
          1,
          null,
          1,
          null,
          1,
          0,
          0,
          null,
          null,
          1,
          0,
          0,
          null,
          null
        ]
      },
      "/Users/stone4fimere/blog_forum/app/controllers/categories_controller.rb": {
        "lines": [
          1,
          1,
          1,
          null,
          1,
          0,
          null,
          null,
          1,
          0,
          null,
          null,
          1,
          3,
          null,
          null,
          1,
          8,
          null,
          8,
          2,
          null,
          6,
          null,
          null,
          null,
          1,
          null,
          null,
          1,
          0,
          0,
          null,
          0,
          null,
          null,
          null,
          1,
          0,
          0,
          null,
          null,
          1,
          null,
          1,
          0,
          null,
          null,
          1,
          8,
          null,
          null
        ]
      },
      "/Users/stone4fimere/blog_forum/app/controllers/comments_controller.rb": {
        "lines": [
          1,
          1,
          1,
          1,
          1,
          null,
          null,
          1,
          0,
          null,
          null,
          null,
          1,
          null,
          null,
          null,
          1,
          0,
          0,
          null,
          null,
          null,
          1,
          1,
          null,
          null,
          null,
          1,
          3,
          3,
          3,
          null,
          3,
          2,
          null,
          1,
          null,
          null,
          null,
          null,
          1,
          3,
          2,
          null,
          1,
          null,
          null,
          null,
          null,
          1,
          2,
          2,
          null,
          null,
          1,
          1,
          12,
          null,
          null,
          1,
          9,
          9,
          null,
          null,
          1,
          9,
          null,
          null,
          1,
          6,
          null,
          null
        ]
      },
      "/Users/stone4fimere/blog_forum/app/controllers/follows_controller.rb": {
        "lines": [
          1,
          1,
          null,
          1,
          3,
          3,
          2,
          null,
          3,
          null,
          null,
          1,
          2,
          2,
          2,
          null,
          null
        ]
      },
      "/Users/stone4fimere/blog_forum/app/controllers/likes_controller.rb": {
        "lines": [
          1,
          1,
          1,
          5,
          5,
          null,
          5,
          2,
          2,
          null,
          3,
          3,
          null,
          null,
          5,
          null,
          null
        ]
      },
      "/Users/stone4fimere/blog_forum/app/controllers/notifications_controller.rb": {
        "lines": [
          1,
          1,
          1,
          null,
          1,
          0,
          null,
          null,
          1,
          1,
          1,
          null,
          null,
          1,
          null,
          1,
          2,
          null,
          null
        ]
      },
      "/Users/stone4fimere/blog_forum/app/controllers/posts_controller.rb": {
        "lines": [
          1,
          1,
          1,
          1,
          null,
          null,
          1,
          3,
          0,
          null,
          3,
          null,
          null,
          3,
          null,
          null,
          null,
          null,
          3,
          null,
          0,
          null,
          0,
          null,
          0,
          null,
          null,
          3,
          3,
          null,
          1,
          null,
          0,
          null,
          0,
          null,
          2,
          null,
          3,
          3,
          3,
          null,
          null,
          null,
          1,
          2,
          2,
          null,
          null,
          null,
          1,
          2,
          2,
          null,
          null,
          null,
          1,
          1,
          null,
          null,
          null,
          1,
          3,
          3,
          null,
          3,
          3,
          3,
          6,
          3,
          null,
          0,
          0,
          null,
          null,
          null,
          null,
          1,
          0,
          null,
          0,
          0,
          null,
          null,
          null,
          null,
          1,
          2,
          2,
          2,
          2,
          4,
          2,
          null,
          0,
          0,
          null,
          null,
          null,
          null,
          null,
          1,
          2,
          null,
          2,
          4,
          2,
          null,
          null,
          null,
          1,
          2,
          null,
          null,
          1,
          2,
          null,
          null,
          1,
          2,
          2,
          null,
          0,
          null,
          null,
          2,
          2,
          null,
          0,
          0,
          null,
          null,
          null,
          1,
          1,
          6,
          null,
          null,
          1,
          8,
          null,
          null,
          1,
          5,
          null,
          null,
          1,
          9,
          null,
          null
        ]
      },
      "/Users/stone4fimere/blog_forum/app/controllers/search_controller.rb": {
        "lines": [
          1,
          1,
          2,
          null,
          2,
          0,
          null,
          null,
          null,
          null,
          null,
          0,
          null,
          null,
          null,
          0,
          null,
          null,
          null,
          null,
          null,
          2,
          2,
          2,
          null,
          null,
          2,
          2,
          2,
          0,
          0,
          0,
          0,
          null,
          null,
          null,
          null,
          null
        ]
      },
      "/Users/stone4fimere/blog_forum/app/controllers/tags_controller.rb": {
        "lines": [
          1,
          1,
          2,
          2,
          null,
          null,
          1,
          1,
          1,
          null,
          null
        ]
      },
      "/Users/stone4fimere/blog_forum/app/controllers/tinymce_assets_controller.rb": {
        "lines": [
          1,
          1,
          null,
          1,
          4,
          1,
          1,
          null,
          null,
          3,
          1,
          1,
          null,
          null,
          null,
          2,
          2,
          null,
          0,
          null,
          null,
          null
        ]
      },
      "/Users/stone4fimere/blog_forum/app/controllers/users_controller.rb": {
        "lines": [
          1,
          1,
          1,
          null,
          1,
          5,
          5,
          5,
          null,
          null,
          1,
          2,
          1,
          null,
          null,
          null,
          1,
          null,
          3,
          null,
          3,
          null,
          0,
          null,
          null,
          3,
          2,
          null,
          1,
          null,
          null,
          null,
          1,
          null,
          1,
          12,
          null,
          null,
          1,
          3,
          null,
          null,
          null,
          null
        ]
      },
      "/Users/stone4fimere/blog_forum/app/models/bookmark.rb": {
        "lines": [
          1,
          1,
          1,
          null,
          1,
          null
        ]
      },
      "/Users/stone4fimere/blog_forum/app/models/application_record.rb": {
        "lines": [
          1,
          1,
          null
        ]
      },
      "/Users/stone4fimere/blog_forum/app/models/follow.rb": {
        "lines": [
          1,
          1,
          1,
          null
        ]
      },
      "/Users/stone4fimere/blog_forum/app/models/image.rb": {
        "lines": [
          1,
          1,
          null
        ]
      },
      "/Users/stone4fimere/blog_forum/app/models/notification.rb": {
        "lines": [
          1,
          1,
          1,
          null,
          3,
          3,
          null,
          1,
          null,
          1,
          5,
          null,
          null,
          null,
          null,
          null,
          null,
          null,
          1,
          null,
          1,
          14,
          null,
          null,
          null,
          null,
          null,
          null,
          null,
          null,
          null,
          null,
          null
        ]
      },
      "/Users/stone4fimere/blog_forum/app/models/post_category.rb": {
        "lines": [
          1,
          1,
          1,
          null
        ]
      },
      "/Users/stone4fimere/blog_forum/app/models/post.rb": {
        "lines": [
          1,
          1,
          1,
          1,
          1,
          1,
          1,
          1,
          1,
          1,
          null,
          1,
          1,
          1,
          1,
          null,
          3,
          3,
          null,
          1,
          null,
          1,
          null,
          1,
          112,
          null,
          3,
          1,
          null,
          null,
          null
        ]
      },
      "/Users/stone4fimere/blog_forum/app/models/concerns/mentionable.rb": {
        "lines": [
          1,
          1,
          null,
          1,
          2,
          null,
          null,
          1,
          null,
          1,
          118,
          118,
          null,
          0,
          0,
          0,
          null,
          0,
          null,
          0,
          null,
          0,
          null,
          null,
          0,
          null,
          null,
          null
        ]
      },
      "/Users/stone4fimere/blog_forum/app/models/tag.rb": {
        "lines": [
          1,
          1,
          1,
          null,
          1,
          null,
          1,
          7,
          null,
          null,
          null,
          null,
          null,
          null,
          1,
          6,
          null,
          null
        ]
      },
      "/Users/stone4fimere/blog_forum/app/models/user.rb": {
        "lines": [
          1,
          1,
          1,
          1,
          1,
          1,
          null,
          1,
          1,
          1,
          null,
          1,
          1,
          null,
          1,
          null,
          1,
          null,
          null,
          1,
          1,
          null,
          1,
          null,
          1,
          1,
          null,
          1,
          null,
          1,
          null,
          1,
          1,
          null,
          1,
          null,
          1,
          170,
          170,
          null,
          null,
          1,
          182,
          1,
          null,
          null,
          null,
          1,
          182,
          0,
          null,
          null,
          null
        ]
      },
      "/Users/stone4fimere/blog_forum/app/models/category.rb": {
        "lines": [
          1,
          1,
          null,
          1,
          null
        ]
      },
      "/Users/stone4fimere/blog_forum/app/models/comment.rb": {
        "lines": [
          1,
          1,
          1,
          1,
          1,
          1,
          null,
          1,
          1,
          null,
          1,
          21,
          null,
          null
        ]
      },
      "/Users/stone4fimere/blog_forum/app/models/like.rb": {
        "lines": [
          1,
          1,
          1,
          1,
          null
        ]
      },
      "/Users/stone4fimere/blog_forum/app/models/post_tag.rb": {
        "lines": [
          1,
          1,
          1,
          null
        ]
      },
      "/Users/stone4fimere/blog_forum/app/channels/application_cable/channel.rb": {
        "lines": [
          0,
          0,
          0,
          0
        ],
        "branches": {}
      },
      "/Users/stone4fimere/blog_forum/app/channels/application_cable/connection.rb": {
        "lines": [
          0,
          0,
          0,
          null,
          0,
          0,
          0,
          null,
          0,
          null,
          0,
          0,
          0,
          0,
          0,
          0,
          0,
          0,
          0
        ],
        "branches": {}
      },
      "/Users/stone4fimere/blog_forum/app/channels/notification_channel.rb": {
        "lines": [
          0,
          0,
          0,
          0,
          null,
          0,
          null,
          0,
          0
        ],
        "branches": {}
      },
      "/Users/stone4fimere/blog_forum/app/jobs/application_job.rb": {
        "lines": [
          0,
          null,
          null,
          null,
          null,
          null,
          0
        ],
        "branches": {}
      },
      "/Users/stone4fimere/blog_forum/app/mailers/application_mailer.rb": {
        "lines": [
          0,
          0,
          0,
          0
        ],
        "branches": {}
      }
    },
    "timestamp": 1745149718
  }
}
